5198, 0.000000, 59~
[ (0, 0 : "IN") (1, 1 : "IN") (2, 2 : "IN") (3, 3 : "IN") (4, 4 : "IN") 
  (5, 0 : "OUT") (6, 1 : "OUT") (7, 2 : "OUT") (8, "NAND") (9, "OR") 
  (10, "OR") (11, "AND") (12, "OR") (13, "NAND") (14, "NOR") 
  (15, "OR") (16, "OR") (17, "AND") (18, "AND") (19, "AND") 
  (20, "NAND") (21, "AND") (22, "NOR") (23, "NAND") (24, "OR") 
  (25, "NAND") (26, "OR") (27, "NAND") (28, "OR") (29, "AND") 
  (30, "OR") (31, "NOR") (32, "NAND") (33, "NAND") (34, "NOR") 
  (35, "NAND") (36, "OR") (37, "AND") (38, "NOR") (39, "NOR") 
  (40, "NOR") (41, "NOR") (42, "OR") (43, "OR") (44, "NOR") 
  (45, "AND") (46, "NOR") (47, "OR") (48, "AND") (49, "OR") 
  (50, "OR") (51, "NOR") (52, "NOR") (53, "OR") (54, "AND") 
  (55, "OR") (56, "NAND") (57, "OR") (58, "OR") (59, "NAND") 
  (60, "NOR") (61, "NAND") (62, "NAND") (63, "AND") (64, "NAND") 
  (65, "NAND") (66, "NAND") (67, "AND") (68, "NAND") (69, "NOR") 
  (70, "AND") (71, "AND") (72, "OR") (73, "OR") (74, "NAND") 
  (75, "AND") (76, "OR") (77, "OR") (78, "OR") (79, "NAND") 
  (80, "NAND") (81, "AND") (82, "OR") (83, "NOR") (84, "NAND") 
  (85, "NOR") (86, "OR") (87, "OR") (88, "NOR") (89, "OR") 
  (90, "NAND") (91, "NOR") (92, "AND") (93, "OR") (94, "AND") 
  (95, "AND") (96, "OR") (97, "OR") (98, "NAND") (99, "AND") 
  (100, "AND") (101, "NAND") (102, "NOR") (103, "AND") (104, "AND") 
  (105, "NAND") (106, "OR") (107, "NOR") |
  (0, 8, 59, 0) (1, 8, 2, 1) (2, 9, 2, 0) 
  (3, 9, 0, 1) (4, 10, 32, 0) (5, 10, 73, 1) 
  (6, 11, 23, 0) (7, 11, 61, 1) (8, 12, 58, 0) 
  (9, 12, 86, 1) (10, 13, 33, 0) (11, 13, 34, 1) 
  (12, 14, 22, 0) (13, 14, 61, 1) (14, 15, 83, 0) 
  (15, 15, 53, 1) (16, 16, 83, 0) (17, 16, 31, 1) 
  (18, 17, 34, 0) (19, 17, 34, 1) (20, 18, 53, 0) 
  (21, 18, 38, 1) (22, 19, 0, 0) (23, 19, 2, 1) 
  (24, 20, 32, 0) (25, 20, 28, 1) (26, 21, 87, 0) 
  (27, 21, 56, 1) (28, 22, 4, 0) (29, 22, 18, 1) 
  (30, 23, 35, 0) (31, 23, 86, 1) (32, 24, 68, 0) 
  (33, 24, 12, 1) (34, 25, 26, 0) (35, 25, 57, 1) 
  (36, 26, 4, 0) (37, 26, 3, 1) (38, 27, 80, 0) 
  (39, 27, 15, 1) (40, 28, 55, 0) (41, 28, 46, 1) 
  (42, 29, 34, 0) (43, 29, 92, 1) (44, 30, 24, 0) 
  (45, 30, 52, 1) (46, 31, 46, 0) (47, 31, 55, 1) 
  (48, 32, 26, 0) (49, 32, 26, 1) (50, 33, 79, 0) 
  (51, 33, 18, 1) (52, 34, 1, 0) (53, 34, 25, 1) 
  (54, 35, 74, 0) (55, 35, 9, 1) (56, 36, 83, 0) 
  (57, 36, 34, 1) (58, 37, 92, 0) (59, 37, 25, 1) 
  (60, 38, 9, 0) (61, 38, 34, 1) (62, 39, 19, 0) 
  (63, 39, 34, 1) (64, 40, 45, 0) (65, 40, 29, 1) 
  (66, 41, 21, 0) (67, 41, 74, 1) (68, 42, 9, 0) 
  (69, 42, 4, 1) (70, 43, 82, 0) (71, 43, 100, 1) 
  (72, 44, 87, 0) (73, 44, 12, 1) (74, 45, 98, 0) 
  (75, 45, 9, 1) (76, 46, 101, 0) (77, 46, 9, 1) 
  (78, 47, 49, 0) (79, 47, 53, 1) (80, 48, 94, 0) 
  (81, 48, 45, 1) (82, 49, 99, 0) (83, 49, 98, 1) 
  (84, 50, 80, 0) (85, 50, 91, 1) (86, 51, 15, 0) 
  (87, 51, 50, 1) (88, 52, 10, 0) (89, 52, 8, 1) 
  (90, 53, 49, 0) (91, 53, 26, 1) (92, 54, 89, 0) 
  (93, 54, 90, 1) (94, 55, 17, 0) (95, 55, 19, 1) 
  (96, 56, 67, 0) (97, 56, 62, 1) (98, 57, 101, 0) 
  (99, 57, 32, 1) (100, 58, 17, 0) (101, 58, 99, 1) 
  (102, 59, 56, 0) (103, 59, 105, 1) (104, 60, 59, 0) 
  (105, 60, 77, 1) (106, 61, 48, 0) (107, 61, 73, 1) 
  (108, 62, 20, 0) (109, 62, 17, 1) (110, 63, 94, 0) 
  (111, 63, 38, 1) (112, 64, 76, 0) (113, 64, 93, 1) 
  (114, 65, 67, 0) (115, 65, 89, 1) (116, 66, 101, 0) 
  (117, 66, 53, 1) (118, 67, 29, 0) (119, 67, 73, 1) 
  (120, 68, 77, 0) (121, 68, 80, 1) (122, 69, 16, 0) 
  (123, 69, 105, 1) (124, 70, 96, 0) (125, 70, 10, 1) 
  (126, 71, 8, 0) (127, 71, 81, 1) (128, 72, 93, 0) 
  (129, 72, 87, 1) (130, 73, 81, 0) (131, 73, 19, 1) 
  (132, 74, 77, 0) (133, 74, 98, 1) (134, 75, 21, 0) 
  (135, 75, 104, 1) (136, 76, 34, 0) (137, 76, 29, 1) 
  (138, 77, 73, 0) (139, 77, 73, 1) (140, 78, 95, 0) 
  (141, 78, 86, 1) (142, 79, 4, 0) (143, 79, 74, 1) 
  (144, 80, 53, 0) (145, 80, 53, 1) (146, 81, 62, 0) 
  (147, 81, 26, 1) (148, 82, 25, 0) (149, 82, 96, 1) 
  (150, 83, 9, 0) (151, 83, 49, 1) (152, 84, 81, 0) 
  (153, 84, 45, 1) (154, 85, 60, 0) (155, 85, 106, 1) 
  (156, 86, 2, 0) (157, 86, 74, 1) (158, 87, 12, 0) 
  (159, 87, 79, 1) (160, 88, 29, 0) (161, 88, 94, 1) 
  (162, 89, 38, 0) (163, 89, 35, 1) (164, 90, 10, 0) 
  (165, 90, 52, 1) (166, 91, 38, 0) (167, 91, 75, 1) 
  (168, 92, 1, 0) (169, 92, 53, 1) (170, 93, 78, 0) 
  (171, 93, 8, 1) (172, 94, 26, 0) (173, 94, 45, 1) 
  (174, 95, 83, 0) (175, 95, 65, 1) (176, 96, 86, 0) 
  (177, 96, 23, 1) (178, 97, 50, 0) (179, 97, 28, 1) 
  (180, 98, 55, 0) (181, 98, 81, 1) (182, 99, 1, 0) 
  (183, 99, 25, 1) (184, 100, 13, 0) (185, 100, 90, 1) 
  (186, 101, 4, 0) (187, 101, 3, 1) (188, 102, 73, 0) 
  (189, 102, 11, 1) (190, 103, 38, 0) (191, 103, 76, 1) 
  (192, 104, 60, 0) (193, 104, 98, 1) (194, 105, 27, 0) 
  (195, 105, 67, 1) (196, 106, 31, 0) (197, 106, 69, 1) 
  (198, 107, 21, 0) (199, 107, 16, 1) (200, 6, 11, 0) 
  (201, 5, 50, 0) (202, 7, 58, 0) ]

~
o0: OUT( OR( NAND( OR( OR( AND( i1, NAND( OR( i4, i3), OR( NAND( i4, i3), NAND( OR( i4, i3), OR( i4, i3))))), NAND( OR( AND( NOR( i1, NAND( OR( i4, i3), OR( NAND( i4, i3), NAND( OR( i4, i3), OR( i4, i3))))), NOR( i1, NAND( OR( i4, i3), OR( NAND( i4, i3), NAND( OR( i4, i3), OR( i4, i3)))))), AND( i0, i2)), AND( NAND( NAND( NAND( OR( i4, i3), OR( i4, i3)), OR( OR( AND( NOR( i1, NAND( OR( i4, i3), OR( NAND( i4, i3), NAND( OR( i4, i3), OR( i4, i3))))), NOR( i1, NAND( OR( i4, i3), OR( NAND( i4, i3), NAND( OR( i4, i3), OR( i4, i3)))))), AND( i0, i2)), NOR( NAND( i4, i3), OR( i2, i0)))), AND( NOR( i1, NAND( OR( i4, i3), OR( NAND( i4, i3), NAND( OR( i4, i3), OR( i4, i3))))), NOR( i1, NAND( OR( i4, i3), OR( NAND( i4, i3), NAND( OR( i4, i3), OR( i4, i3))))))), OR( i4, i3)))), OR( i4, i3)), OR( OR( AND( i1, NAND( OR( i4, i3), OR( NAND( i4, i3), NAND( OR( i4, i3), OR( i4, i3))))), NAND( OR( AND( NOR( i1, NAND( OR( i4, i3), OR( NAND( i4, i3), NAND( OR( i4, i3), OR( i4, i3))))), NOR( i1, NAND( OR( i4, i3), OR( NAND( i4, i3), NAND( OR( i4, i3), OR( i4, i3)))))), AND( i0, i2)), AND( NAND( NAND( NAND( OR( i4, i3), OR( i4, i3)), OR( OR( AND( NOR( i1, NAND( OR( i4, i3), OR( NAND( i4, i3), NAND( OR( i4, i3), OR( i4, i3))))), NOR( i1, NAND( OR( i4, i3), OR( NAND( i4, i3), NAND( OR( i4, i3), OR( i4, i3)))))), AND( i0, i2)), NOR( NAND( i4, i3), OR( i2, i0)))), AND( NOR( i1, NAND( OR( i4, i3), OR( NAND( i4, i3), NAND( OR( i4, i3), OR( i4, i3))))), NOR( i1, NAND( OR( i4, i3), OR( NAND( i4, i3), NAND( OR( i4, i3), OR( i4, i3))))))), OR( i4, i3)))), OR( i4, i3))), NOR( NOR( OR( i2, i0), NOR( i1, NAND( OR( i4, i3), OR( NAND( i4, i3), NAND( OR( i4, i3), OR( i4, i3)))))), AND( AND( OR( OR( OR( AND( NOR( i1, NAND( OR( i4, i3), OR( NAND( i4, i3), NAND( OR( i4, i3), OR( i4, i3))))), NOR( i1, NAND( OR( i4, i3), OR( NAND( i4, i3), NAND( OR( i4, i3), OR( i4, i3)))))), AND( i1, NAND( OR( i4, i3), OR( NAND( i4, i3), NAND( OR( i4, i3), OR( i4, i3)))))), OR( i2, NAND( OR( OR( AND( NAND( NAND( NAND( OR( i4, i3), OR( i4, i3)), OR( OR( AND( NOR( i1, NAND( OR( i4, i3), OR( NAND( i4, i3), NAND( OR( i4, i3), OR( i4, i3))))), NOR( i1, NAND( OR( i4, i3), OR( NAND( i4, i3), NAND( OR( i4, i3), OR( i4, i3)))))), AND( i0, i2)), NOR( NAND( i4, i3), OR( i2, i0)))), AND( NOR( i1, NAND( OR( i4, i3), OR( NAND( i4, i3), NAND( OR( i4, i3), OR( i4, i3))))), NOR( i1, NAND( OR( i4, i3), OR( NAND( i4, i3), NAND( OR( i4, i3), OR( i4, i3))))))), OR( i4, i3)), AND( i0, i2)), OR( AND( NAND( NAND( NAND( OR( i4, i3), OR( i4, i3)), OR( OR( AND( NOR( i1, NAND( OR( i4, i3), OR( NAND( i4, i3), NAND( OR( i4, i3), OR( i4, i3))))), NOR( i1, NAND( OR( i4, i3), OR( NAND( i4, i3), NAND( OR( i4, i3), OR( i4, i3)))))), AND( i0, i2)), NOR( NAND( i4, i3), OR( i2, i0)))), AND( NOR( i1, NAND( OR( i4, i3), OR( NAND( i4, i3), NAND( OR( i4, i3), OR( i4, i3))))), NOR( i1, NAND( OR( i4, i3), OR( NAND( i4, i3), NAND( OR( i4, i3), OR( i4, i3))))))), OR( i4, i3)), AND( i0, i2))), NAND( OR( AND( NOR( i1, NAND( OR( i4, i3), OR( NAND( i4, i3), NAND( OR( i4, i3), OR( i4, i3))))), NOR( i1, NAND( OR( i4, i3), OR( NAND( i4, i3), NAND( OR( i4, i3), OR( i4, i3)))))), AND( i0, i2)), AND( NAND( NAND( NAND( OR( i4, i3), OR( i4, i3)), OR( OR( AND( NOR( i1, NAND( OR( i4, i3), OR( NAND( i4, i3), NAND( OR( i4, i3), OR( i4, i3))))), NOR( i1, NAND( OR( i4, i3), OR( NAND( i4, i3), NAND( OR( i4, i3), OR( i4, i3)))))), AND( i0, i2)), NOR( NAND( i4, i3), OR( i2, i0)))), AND( NOR( i1, NAND( OR( i4, i3), OR( NAND( i4, i3), NAND( OR( i4, i3), OR( i4, i3))))), NOR( i1, NAND( OR( i4, i3), OR( NAND( i4, i3), NAND( OR( i4, i3), OR( i4, i3))))))), OR( i4, i3)))))), NAND( i4, NAND( OR( OR( AND( NAND( NAND( NAND( OR( i4, i3), OR( i4, i3)), OR( OR( AND( NOR( i1, NAND( OR( i4, i3), OR( NAND( i4, i3), NAND( OR( i4, i3), OR( i4, i3))))), NOR( i1, NAND( OR( i4, i3), OR( NAND( i4, i3), NAND( OR( i4, i3), OR( i4, i3)))))), AND( i0, i2)), NOR( NAND( i4, i3), OR( i2, i0)))), AND( NOR( i1, NAND( OR( i4, i3), OR( NAND( i4, i3), NAND( OR( i4, i3), OR( i4, i3))))), NOR( i1, NAND( OR( i4, i3), OR( NAND( i4, i3), NAND( OR( i4, i3), OR( i4, i3))))))), OR( i4, i3)), AND( i0, i2)), OR( AND( NAND( NAND( NAND( OR( i4, i3), OR( i4, i3)), OR( OR( AND( NOR( i1, NAND( OR( i4, i3), OR( NAND( i4, i3), NAND( OR( i4, i3), OR( i4, i3))))), NOR( i1, NAND( OR( i4, i3), OR( NAND( i4, i3), NAND( OR( i4, i3), OR( i4, i3)))))), AND( i0, i2)), NOR( NAND( i4, i3), OR( i2, i0)))), AND( NOR( i1, NAND( OR( i4, i3), OR( NAND( i4, i3), NAND( OR( i4, i3), OR( i4, i3))))), NOR( i1, NAND( OR( i4, i3), OR( NAND( i4, i3), NAND( OR( i4, i3), OR( i4, i3))))))), OR( i4, i3)), AND( i0, i2))), NAND( OR( AND( NOR( i1, NAND( OR( i4, i3), OR( NAND( i4, i3), NAND( OR( i4, i3), OR( i4, i3))))), NOR( i1, NAND( OR( i4, i3), OR( NAND( i4, i3), NAND( OR( i4, i3), OR( i4, i3)))))), AND( i0, i2)), AND( NAND( NAND( NAND( OR( i4, i3), OR( i4, i3)), OR( OR( AND( NOR( i1, NAND( OR( i4, i3), OR( NAND( i4, i3), NAND( OR( i4, i3), OR( i4, i3))))), NOR( i1, NAND( OR( i4, i3), OR( NAND( i4, i3), NAND( OR( i4, i3), OR( i4, i3)))))), AND( i0, i2)), NOR( NAND( i4, i3), OR( i2, i0)))), AND( NOR( i1, NAND( OR( i4, i3), OR( NAND( i4, i3), NAND( OR( i4, i3), OR( i4, i3))))), NOR( i1, NAND( OR( i4, i3), OR( NAND( i4, i3), NAND( OR( i4, i3), OR( i4, i3))))))), OR( i4, i3)))))), NAND( AND( AND( NOR( i1, NAND( OR( i4, i3), OR( NAND( i4, i3), NAND( OR( i4, i3), OR( i4, i3))))), AND( i1, OR( OR( AND( i1, NAND( OR( i4, i3), OR( NAND( i4, i3), NAND( OR( i4, i3), OR( i4, i3))))), NAND( OR( AND( NOR( i1, NAND( OR( i4, i3), OR( NAND( i4, i3), NAND( OR( i4, i3), OR( i4, i3))))), NOR( i1, NAND( OR( i4, i3), OR( NAND( i4, i3), NAND( OR( i4, i3), OR( i4, i3)))))), AND( i0, i2)), AND( NAND( NAND( NAND( OR( i4, i3), OR( i4, i3)), OR( OR( AND( NOR( i1, NAND( OR( i4, i3), OR( NAND( i4, i3), NAND( OR( i4, i3), OR( i4, i3))))), NOR( i1, NAND( OR( i4, i3), OR( NAND( i4, i3), NAND( OR( i4, i3), OR( i4, i3)))))), AND( i0, i2)), NOR( NAND( i4, i3), OR( i2, i0)))), AND( NOR( i1, NAND( OR( i4, i3), OR( NAND( i4, i3), NAND( OR( i4, i3), OR( i4, i3))))), NOR( i1, NAND( OR( i4, i3), OR( NAND( i4, i3), NAND( OR( i4, i3), OR( i4, i3))))))), OR( i4, i3)))), OR( i4, i3)))), OR( AND( NAND( NAND( NAND( OR( i4, i3), OR( i4, i3)), OR( OR( AND( NOR( i1, NAND( OR( i4, i3), OR( NAND( i4, i3), NAND( OR( i4, i3), OR( i4, i3))))), NOR( i1, NAND( OR( i4, i3), OR( NAND( i4, i3), NAND( OR( i4, i3), OR( i4, i3)))))), AND( i0, i2)), NOR( NAND( i4, i3), OR( i2, i0)))), AND( NOR( i1, NAND( OR( i4, i3), OR( NAND( i4, i3), NAND( OR( i4, i3), OR( i4, i3))))), NOR( i1, NAND( OR( i4, i3), OR( NAND( i4, i3), NAND( OR( i4, i3), OR( i4, i3))))))), OR( i4, i3)), AND( i0, i2))), NAND( NAND( NAND( OR( i4, i3), OR( i4, i3)), OR( OR( AND( NOR( i1, NAND( OR( i4, i3), OR( NAND( i4, i3), NAND( OR( i4, i3), OR( i4, i3))))), NOR( i1, NAND( OR( i4, i3), OR( NAND( i4, i3), NAND( OR( i4, i3), OR( i4, i3)))))), AND( i0, i2)), NOR( NAND( i4, i3), OR( i2, i0)))), AND( NOR( i1, NAND( OR( i4, i3), OR( NAND( i4, i3), NAND( OR( i4, i3), OR( i4, i3))))), NOR( i1, NAND( OR( i4, i3), OR( NAND( i4, i3), NAND( OR( i4, i3), OR( i4, i3))))))))), AND( NOR( NAND( NAND( AND( AND( NOR( i1, NAND( OR( i4, i3), OR( NAND( i4, i3), NAND( OR( i4, i3), OR( i4, i3))))), AND( i1, OR( OR( AND( i1, NAND( OR( i4, i3), OR( NAND( i4, i3), NAND( OR( i4, i3), OR( i4, i3))))), NAND( OR( AND( NOR( i1, NAND( OR( i4, i3), OR( NAND( i4, i3), NAND( OR( i4, i3), OR( i4, i3))))), NOR( i1, NAND( OR( i4, i3), OR( NAND( i4, i3), NAND( OR( i4, i3), OR( i4, i3)))))), AND( i0, i2)), AND( NAND( NAND( NAND( OR( i4, i3), OR( i4, i3)), OR( OR( AND( NOR( i1, NAND( OR( i4, i3), OR( NAND( i4, i3), NAND( OR( i4, i3), OR( i4, i3))))), NOR( i1, NAND( OR( i4, i3), OR( NAND( i4, i3), NAND( OR( i4, i3), OR( i4, i3)))))), AND( i0, i2)), NOR( NAND( i4, i3), OR( i2, i0)))), AND( NOR( i1, NAND( OR( i4, i3), OR( NAND( i4, i3), NAND( OR( i4, i3), OR( i4, i3))))), NOR( i1, NAND( OR( i4, i3), OR( NAND( i4, i3), NAND( OR( i4, i3), OR( i4, i3))))))), OR( i4, i3)))), OR( i4, i3)))), OR( AND( NAND( NAND( NAND( OR( i4, i3), OR( i4, i3)), OR( OR( AND( NOR( i1, NAND( OR( i4, i3), OR( NAND( i4, i3), NAND( OR( i4, i3), OR( i4, i3))))), NOR( i1, NAND( OR( i4, i3), OR( NAND( i4, i3), NAND( OR( i4, i3), OR( i4, i3)))))), AND( i0, i2)), NOR( NAND( i4, i3), OR( i2, i0)))), AND( NOR( i1, NAND( OR( i4, i3), OR( NAND( i4, i3), NAND( OR( i4, i3), OR( i4, i3))))), NOR( i1, NAND( OR( i4, i3), OR( NAND( i4, i3), NAND( OR( i4, i3), OR( i4, i3))))))), OR( i4, i3)), AND( i0, i2))), NAND( NAND( NAND( OR( i4, i3), OR( i4, i3)), OR( OR( AND( NOR( i1, NAND( OR( i4, i3), OR( NAND( i4, i3), NAND( OR( i4, i3), OR( i4, i3))))), NOR( i1, NAND( OR( i4, i3), OR( NAND( i4, i3), NAND( OR( i4, i3), OR( i4, i3)))))), AND( i0, i2)), NOR( NAND( i4, i3), OR( i2, i0)))), AND( NOR( i1, NAND( OR( i4, i3), OR( NAND( i4, i3), NAND( OR( i4, i3), OR( i4, i3))))), NOR( i1, NAND( OR( i4, i3), OR( NAND( i4, i3), NAND( OR( i4, i3), OR( i4, i3)))))))), NAND( NAND( NAND( OR( OR( AND( i1, NAND( OR( i4, i3), OR( NAND( i4, i3), NAND( OR( i4, i3), OR( i4, i3))))), NAND( OR( AND( NOR( i1, NAND( OR( i4, i3), OR( NAND( i4, i3), NAND( OR( i4, i3), OR( i4, i3))))), NOR( i1, NAND( OR( i4, i3), OR( NAND( i4, i3), NAND( OR( i4, i3), OR( i4, i3)))))), AND( i0, i2)), AND( NAND( NAND( NAND( OR( i4, i3), OR( i4, i3)), OR( OR( AND( NOR( i1, NAND( OR( i4, i3), OR( NAND( i4, i3), NAND( OR( i4, i3), OR( i4, i3))))), NOR( i1, NAND( OR( i4, i3), OR( NAND( i4, i3), NAND( OR( i4, i3), OR( i4, i3)))))), AND( i0, i2)), NOR( NAND( i4, i3), OR( i2, i0)))), AND( NOR( i1, NAND( OR( i4, i3), OR( NAND( i4, i3), NAND( OR( i4, i3), OR( i4, i3))))), NOR( i1, NAND( OR( i4, i3), OR( NAND( i4, i3), NAND( OR( i4, i3), OR( i4, i3))))))), OR( i4, i3)))), OR( i4, i3)), OR( OR( AND( i1, NAND( OR( i4, i3), OR( NAND( i4, i3), NAND( OR( i4, i3), OR( i4, i3))))), NAND( OR( AND( NOR( i1, NAND( OR( i4, i3), OR( NAND( i4, i3), NAND( OR( i4, i3), OR( i4, i3))))), NOR( i1, NAND( OR( i4, i3), OR( NAND( i4, i3), NAND( OR( i4, i3), OR( i4, i3)))))), AND( i0, i2)), AND( NAND( NAND( NAND( OR( i4, i3), OR( i4, i3)), OR( OR( AND( NOR( i1, NAND( OR( i4, i3), OR( NAND( i4, i3), NAND( OR( i4, i3), OR( i4, i3))))), NOR( i1, NAND( OR( i4, i3), OR( NAND( i4, i3), NAND( OR( i4, i3), OR( i4, i3)))))), AND( i0, i2)), NOR( NAND( i4, i3), OR( i2, i0)))), AND( NOR( i1, NAND( OR( i4, i3), OR( NAND( i4, i3), NAND( OR( i4, i3), OR( i4, i3))))), NOR( i1, NAND( OR( i4, i3), OR( NAND( i4, i3), NAND( OR( i4, i3), OR( i4, i3))))))), OR( i4, i3)))), OR( i4, i3))), OR( NOR( OR( i2, i0), OR( AND( i1, NAND( OR( i4, i3), OR( NAND( i4, i3), NAND( OR( i4, i3), OR( i4, i3))))), NAND( OR( AND( NOR( i1, NAND( OR( i4, i3), OR( NAND( i4, i3), NAND( OR( i4, i3), OR( i4, i3))))), NOR( i1, NAND( OR( i4, i3), OR( NAND( i4, i3), NAND( OR( i4, i3), OR( i4, i3)))))), AND( i0, i2)), AND( NAND( NAND( NAND( OR( i4, i3), OR( i4, i3)), OR( OR( AND( NOR( i1, NAND( OR( i4, i3), OR( NAND( i4, i3), NAND( OR( i4, i3), OR( i4, i3))))), NOR( i1, NAND( OR( i4, i3), OR( NAND( i4, i3), NAND( OR( i4, i3), OR( i4, i3)))))), AND( i0, i2)), NOR( NAND( i4, i3), OR( i2, i0)))), AND( NOR( i1, NAND( OR( i4, i3), OR( NAND( i4, i3), NAND( OR( i4, i3), OR( i4, i3))))), NOR( i1, NAND( OR( i4, i3), OR( NAND( i4, i3), NAND( OR( i4, i3), OR( i4, i3))))))), OR( i4, i3))))), OR( OR( AND( i1, NAND( OR( i4, i3), OR( NAND( i4, i3), NAND( OR( i4, i3), OR( i4, i3))))), NAND( OR( AND( NOR( i1, NAND( OR( i4, i3), OR( NAND( i4, i3), NAND( OR( i4, i3), OR( i4, i3))))), NOR( i1, NAND( OR( i4, i3), OR( NAND( i4, i3), NAND( OR( i4, i3), OR( i4, i3)))))), AND( i0, i2)), AND( NAND( NAND( NAND( OR( i4, i3), OR( i4, i3)), OR( OR( AND( NOR( i1, NAND( OR( i4, i3), OR( NAND( i4, i3), NAND( OR( i4, i3), OR( i4, i3))))), NOR( i1, NAND( OR( i4, i3), OR( NAND( i4, i3), NAND( OR( i4, i3), OR( i4, i3)))))), AND( i0, i2)), NOR( NAND( i4, i3), OR( i2, i0)))), AND( NOR( i1, NAND( OR( i4, i3), OR( NAND( i4, i3), NAND( OR( i4, i3), OR( i4, i3))))), NOR( i1, NAND( OR( i4, i3), OR( NAND( i4, i3), NAND( OR( i4, i3), OR( i4, i3))))))), OR( i4, i3)))), OR( i4, i3)))), AND( AND( NOR( i1, NAND( OR( i4, i3), OR( NAND( i4, i3), NAND( OR( i4, i3), OR( i4, i3))))), AND( i1, OR( OR( AND( i1, NAND( OR( i4, i3), OR( NAND( i4, i3), NAND( OR( i4, i3), OR( i4, i3))))), NAND( OR( AND( NOR( i1, NAND( OR( i4, i3), OR( NAND( i4, i3), NAND( OR( i4, i3), OR( i4, i3))))), NOR( i1, NAND( OR( i4, i3), OR( NAND( i4, i3), NAND( OR( i4, i3), OR( i4, i3)))))), AND( i0, i2)), AND( NAND( NAND( NAND( OR( i4, i3), OR( i4, i3)), OR( OR( AND( NOR( i1, NAND( OR( i4, i3), OR( NAND( i4, i3), NAND( OR( i4, i3), OR( i4, i3))))), NOR( i1, NAND( OR( i4, i3), OR( NAND( i4, i3), NAND( OR( i4, i3), OR( i4, i3)))))), AND( i0, i2)), NOR( NAND( i4, i3), OR( i2, i0)))), AND( NOR( i1, NAND( OR( i4, i3), OR( NAND( i4, i3), NAND( OR( i4, i3), OR( i4, i3))))), NOR( i1, NAND( OR( i4, i3), OR( NAND( i4, i3), NAND( OR( i4, i3), OR( i4, i3))))))), OR( i4, i3)))), OR( i4, i3)))), OR( AND( NAND( NAND( NAND( OR( i4, i3), OR( i4, i3)), OR( OR( AND( NOR( i1, NAND( OR( i4, i3), OR( NAND( i4, i3), NAND( OR( i4, i3), OR( i4, i3))))), NOR( i1, NAND( OR( i4, i3), OR( NAND( i4, i3), NAND( OR( i4, i3), OR( i4, i3)))))), AND( i0, i2)), NOR( NAND( i4, i3), OR( i2, i0)))), AND( NOR( i1, NAND( OR( i4, i3), OR( NAND( i4, i3), NAND( OR( i4, i3), OR( i4, i3))))), NOR( i1, NAND( OR( i4, i3), OR( NAND( i4, i3), NAND( OR( i4, i3), OR( i4, i3))))))), OR( i4, i3)), AND( i0, i2))))), OR( OR( AND( NAND( NAND( NAND( OR( i4, i3), OR( i4, i3)), OR( OR( AND( NOR( i1, NAND( OR( i4, i3), OR( NAND( i4, i3), NAND( OR( i4, i3), OR( i4, i3))))), NOR( i1, NAND( OR( i4, i3), OR( NAND( i4, i3), NAND( OR( i4, i3), OR( i4, i3)))))), AND( i0, i2)), NOR( NAND( i4, i3), OR( i2, i0)))), AND( NOR( i1, NAND( OR( i4, i3), OR( NAND( i4, i3), NAND( OR( i4, i3), OR( i4, i3))))), NOR( i1, NAND( OR( i4, i3), OR( NAND( i4, i3), NAND( OR( i4, i3), OR( i4, i3))))))), OR( i4, i3)), AND( i0, i2)), OR( AND( NAND( NAND( NAND( OR( i4, i3), OR( i4, i3)), OR( OR( AND( NOR( i1, NAND( OR( i4, i3), OR( NAND( i4, i3), NAND( OR( i4, i3), OR( i4, i3))))), NOR( i1, NAND( OR( i4, i3), OR( NAND( i4, i3), NAND( OR( i4, i3), OR( i4, i3)))))), AND( i0, i2)), NOR( NAND( i4, i3), OR( i2, i0)))), AND( NOR( i1, NAND( OR( i4, i3), OR( NAND( i4, i3), NAND( OR( i4, i3), OR( i4, i3))))), NOR( i1, NAND( OR( i4, i3), OR( NAND( i4, i3), NAND( OR( i4, i3), OR( i4, i3))))))), OR( i4, i3)), AND( i0, i2)))), NAND( OR( AND( NOR( i1, NAND( OR( i4, i3), OR( NAND( i4, i3), NAND( OR( i4, i3), OR( i4, i3))))), NOR( i1, NAND( OR( i4, i3), OR( NAND( i4, i3), NAND( OR( i4, i3), OR( i4, i3)))))), AND( i0, i2)), AND( NAND( NAND( NAND( OR( i4, i3), OR( i4, i3)), OR( OR( AND( NOR( i1, NAND( OR( i4, i3), OR( NAND( i4, i3), NAND( OR( i4, i3), OR( i4, i3))))), NOR( i1, NAND( OR( i4, i3), OR( NAND( i4, i3), NAND( OR( i4, i3), OR( i4, i3)))))), AND( i0, i2)), NOR( NAND( i4, i3), OR( i2, i0)))), AND( NOR( i1, NAND( OR( i4, i3), OR( NAND( i4, i3), NAND( OR( i4, i3), OR( i4, i3))))), NOR( i1, NAND( OR( i4, i3), OR( NAND( i4, i3), NAND( OR( i4, i3), OR( i4, i3))))))), OR( i4, i3))))))))
~
o1: OUT( AND( NAND( NAND( NAND( OR( OR( AND( NAND( NAND( NAND( OR( i4, i3), OR( i4, i3)), OR( OR( AND( NOR( i1, NAND( OR( i4, i3), OR( NAND( i4, i3), NAND( OR( i4, i3), OR( i4, i3))))), NOR( i1, NAND( OR( i4, i3), OR( NAND( i4, i3), NAND( OR( i4, i3), OR( i4, i3)))))), AND( i0, i2)), NOR( NAND( i4, i3), OR( i2, i0)))), AND( NOR( i1, NAND( OR( i4, i3), OR( NAND( i4, i3), NAND( OR( i4, i3), OR( i4, i3))))), NOR( i1, NAND( OR( i4, i3), OR( NAND( i4, i3), NAND( OR( i4, i3), OR( i4, i3))))))), OR( i4, i3)), AND( i0, i2)), OR( AND( NAND( NAND( NAND( OR( i4, i3), OR( i4, i3)), OR( OR( AND( NOR( i1, NAND( OR( i4, i3), OR( NAND( i4, i3), NAND( OR( i4, i3), OR( i4, i3))))), NOR( i1, NAND( OR( i4, i3), OR( NAND( i4, i3), NAND( OR( i4, i3), OR( i4, i3)))))), AND( i0, i2)), NOR( NAND( i4, i3), OR( i2, i0)))), AND( NOR( i1, NAND( OR( i4, i3), OR( NAND( i4, i3), NAND( OR( i4, i3), OR( i4, i3))))), NOR( i1, NAND( OR( i4, i3), OR( NAND( i4, i3), NAND( OR( i4, i3), OR( i4, i3))))))), OR( i4, i3)), AND( i0, i2))), NAND( OR( AND( NOR( i1, NAND( OR( i4, i3), OR( NAND( i4, i3), NAND( OR( i4, i3), OR( i4, i3))))), NOR( i1, NAND( OR( i4, i3), OR( NAND( i4, i3), NAND( OR( i4, i3), OR( i4, i3)))))), AND( i0, i2)), AND( NAND( NAND( NAND( OR( i4, i3), OR( i4, i3)), OR( OR( AND( NOR( i1, NAND( OR( i4, i3), OR( NAND( i4, i3), NAND( OR( i4, i3), OR( i4, i3))))), NOR( i1, NAND( OR( i4, i3), OR( NAND( i4, i3), NAND( OR( i4, i3), OR( i4, i3)))))), AND( i0, i2)), NOR( NAND( i4, i3), OR( i2, i0)))), AND( NOR( i1, NAND( OR( i4, i3), OR( NAND( i4, i3), NAND( OR( i4, i3), OR( i4, i3))))), NOR( i1, NAND( OR( i4, i3), OR( NAND( i4, i3), NAND( OR( i4, i3), OR( i4, i3))))))), OR( i4, i3)))), OR( i2, i0)), OR( i2, NAND( OR( OR( AND( NAND( NAND( NAND( OR( i4, i3), OR( i4, i3)), OR( OR( AND( NOR( i1, NAND( OR( i4, i3), OR( NAND( i4, i3), NAND( OR( i4, i3), OR( i4, i3))))), NOR( i1, NAND( OR( i4, i3), OR( NAND( i4, i3), NAND( OR( i4, i3), OR( i4, i3)))))), AND( i0, i2)), NOR( NAND( i4, i3), OR( i2, i0)))), AND( NOR( i1, NAND( OR( i4, i3), OR( NAND( i4, i3), NAND( OR( i4, i3), OR( i4, i3))))), NOR( i1, NAND( OR( i4, i3), OR( NAND( i4, i3), NAND( OR( i4, i3), OR( i4, i3))))))), OR( i4, i3)), AND( i0, i2)), OR( AND( NAND( NAND( NAND( OR( i4, i3), OR( i4, i3)), OR( OR( AND( NOR( i1, NAND( OR( i4, i3), OR( NAND( i4, i3), NAND( OR( i4, i3), OR( i4, i3))))), NOR( i1, NAND( OR( i4, i3), OR( NAND( i4, i3), NAND( OR( i4, i3), OR( i4, i3)))))), AND( i0, i2)), NOR( NAND( i4, i3), OR( i2, i0)))), AND( NOR( i1, NAND( OR( i4, i3), OR( NAND( i4, i3), NAND( OR( i4, i3), OR( i4, i3))))), NOR( i1, NAND( OR( i4, i3), OR( NAND( i4, i3), NAND( OR( i4, i3), OR( i4, i3))))))), OR( i4, i3)), AND( i0, i2))), NAND( OR( AND( NOR( i1, NAND( OR( i4, i3), OR( NAND( i4, i3), NAND( OR( i4, i3), OR( i4, i3))))), NOR( i1, NAND( OR( i4, i3), OR( NAND( i4, i3), NAND( OR( i4, i3), OR( i4, i3)))))), AND( i0, i2)), AND( NAND( NAND( NAND( OR( i4, i3), OR( i4, i3)), OR( OR( AND( NOR( i1, NAND( OR( i4, i3), OR( NAND( i4, i3), NAND( OR( i4, i3), OR( i4, i3))))), NOR( i1, NAND( OR( i4, i3), OR( NAND( i4, i3), NAND( OR( i4, i3), OR( i4, i3)))))), AND( i0, i2)), NOR( NAND( i4, i3), OR( i2, i0)))), AND( NOR( i1, NAND( OR( i4, i3), OR( NAND( i4, i3), NAND( OR( i4, i3), OR( i4, i3))))), NOR( i1, NAND( OR( i4, i3), OR( NAND( i4, i3), NAND( OR( i4, i3), OR( i4, i3))))))), OR( i4, i3)))))), NAND( AND( AND( OR( i4, i3), AND( NAND( OR( AND( NOR( i1, NAND( OR( i4, i3), OR( NAND( i4, i3), NAND( OR( i4, i3), OR( i4, i3))))), NOR( i1, NAND( OR( i4, i3), OR( NAND( i4, i3), NAND( OR( i4, i3), OR( i4, i3)))))), AND( i0, i2)), AND( NAND( NAND( NAND( OR( i4, i3), OR( i4, i3)), OR( OR( AND( NOR( i1, NAND( OR( i4, i3), OR( NAND( i4, i3), NAND( OR( i4, i3), OR( i4, i3))))), NOR( i1, NAND( OR( i4, i3), OR( NAND( i4, i3), NAND( OR( i4, i3), OR( i4, i3)))))), AND( i0, i2)), NOR( NAND( i4, i3), OR( i2, i0)))), AND( NOR( i1, NAND( OR( i4, i3), OR( NAND( i4, i3), NAND( OR( i4, i3), OR( i4, i3))))), NOR( i1, NAND( OR( i4, i3), OR( NAND( i4, i3), NAND( OR( i4, i3), OR( i4, i3))))))), OR( i4, i3))), OR( i2, i0))), AND( NAND( OR( AND( NOR( i1, NAND( OR( i4, i3), OR( NAND( i4, i3), NAND( OR( i4, i3), OR( i4, i3))))), NOR( i1, NAND( OR( i4, i3), OR( NAND( i4, i3), NAND( OR( i4, i3), OR( i4, i3)))))), AND( i0, i2)), AND( NAND( NAND( NAND( OR( i4, i3), OR( i4, i3)), OR( OR( AND( NOR( i1, NAND( OR( i4, i3), OR( NAND( i4, i3), NAND( OR( i4, i3), OR( i4, i3))))), NOR( i1, NAND( OR( i4, i3), OR( NAND( i4, i3), NAND( OR( i4, i3), OR( i4, i3)))))), AND( i0, i2)), NOR( NAND( i4, i3), OR( i2, i0)))), AND( NOR( i1, NAND( OR( i4, i3), OR( NAND( i4, i3), NAND( OR( i4, i3), OR( i4, i3))))), NOR( i1, NAND( OR( i4, i3), OR( NAND( i4, i3), NAND( OR( i4, i3), OR( i4, i3))))))), OR( i4, i3))), OR( i2, i0))), OR( AND( NAND( NAND( NAND( OR( i4, i3), OR( i4, i3)), OR( OR( AND( NOR( i1, NAND( OR( i4, i3), OR( NAND( i4, i3), NAND( OR( i4, i3), OR( i4, i3))))), NOR( i1, NAND( OR( i4, i3), OR( NAND( i4, i3), NAND( OR( i4, i3), OR( i4, i3)))))), AND( i0, i2)), NOR( NAND( i4, i3), OR( i2, i0)))), AND( NOR( i1, NAND( OR( i4, i3), OR( NAND( i4, i3), NAND( OR( i4, i3), OR( i4, i3))))), NOR( i1, NAND( OR( i4, i3), OR( NAND( i4, i3), NAND( OR( i4, i3), OR( i4, i3))))))), OR( i4, i3)), AND( i0, i2)))))
~
o2: OUT( OR( AND( NOR( i1, NAND( OR( i4, i3), OR( NAND( i4, i3), NAND( OR( i4, i3), OR( i4, i3))))), NOR( i1, NAND( OR( i4, i3), OR( NAND( i4, i3), NAND( OR( i4, i3), OR( i4, i3)))))), AND( i1, NAND( OR( i4, i3), OR( NAND( i4, i3), NAND( OR( i4, i3), OR( i4, i3)))))))
~
