1079, 0.000000, 32~
[ (0, 0 : "IN") (1, 0 : "OUT") (2, "MUL") (3, "ID") (4, "SUB") 
  (5, "ID") (6, "MUL") (7, "SUB") (8, "MUL") (9, "MUL") 
  (10, "DIV") (11, "DIV") (12, "DIV") (13, "SUB") (14, "DIV") 
  (15, "SUB") (16, "SUB") (17, "ID") (18, "MUL") (19, "ID") 
  (20, "ID") (21, "DIV") (22, "MUL") (23, "ID") (24, "ID") 
  (25, "ADD") (26, "ID") (27, "DIV") (28, "SUB") (29, "SUB") 
  (30, "SUB") (31, "ID") (32, "ADD") (33, "ID") (34, "ADD") 
  (35, "SUB") (36, "MUL") (37, "ID") (38, "DIV") (39, "ID") 
  (40, "MUL") (41, "ADD") (42, "DIV") (43, "MUL") (44, "DIV") 
  (45, "SUB") (46, "DIV") (47, "ADD") (48, "SUB") (49, "ID") 
  (50, "ADD") (51, "DIV") (52, "DIV") (53, "ADD") (54, "MUL") 
  (55, "ID") (56, "MUL") (57, "DIV") (58, "ADD") (59, "ADD") 
  (60, "SUB") (61, "MUL") (62, "ADD") (63, "SUB") (64, "MUL") 
  (65, "ID") (66, "DIV") (67, "MUL") (68, "MUL") (69, "ID") 
  (70, "MUL") (71, "MUL") (72, "MUL") (73, "SUB") (74, "DIV") 
  (75, "DIV") (76, "ID") (77, "ID") (78, "DIV") (79, "MUL") 
  (80, "SUB") (81, "ADD") (82, "MUL") (83, "ADD") (84, "MUL") 
  (85, "DIV") (86, "DIV") (87, "MUL") (88, "DIV") (89, "SUB") 
  (90, "ID") (91, "SUB") (92, "DIV") (93, "ADD") (94, "MUL") 
  (95, "MUL") (96, "ID") (97, "SUB") (98, "MUL") (99, "SUB") 
  (100, "ADD") (101, "ID") |
  (0, 2, 22, 0) (1, 3, 65, 0) (2, 4, 2, 0) 
  (3, 4, 34, 1) (4, 5, 55, 0) (5, 6, 69, 0) 
  (6, 7, 100, 0) (7, 8, 88, 0) (8, 9, 73, 0) 
  (9, 10, 24, 0) (10, 11, 63, 0) (11, 12, 24, 0) 
  (12, 13, 65, 0) (13, 14, 68, 0) (14, 15, 88, 0) 
  (15, 16, 38, 0) (16, 17, 26, 0) (17, 18, 96, 1) 
  (18, 18, 40, 0) (19, 19, 15, 0) (20, 20, 51, 0) 
  (21, 21, 55, 0) (22, 22, 29, 0) (23, 23, 55, 0) 
  (24, 24, 5, 0) (25, 25, 38, 0) (26, 91, 51, 1) 
  (27, 26, 4, 0) (28, 27, 47, 0) (29, 28, 18, 0) 
  (30, 28, 26, 1) (31, 29, 12, 0) (32, 30, 51, 0) 
  (33, 31, 29, 0) (34, 32, 10, 0) (35, 33, 26, 0) 
  (36, 34, 21, 0) (37, 36, 55, 0) (38, 37, 5, 0) 
  (39, 38, 97, 0) (40, 39, 37, 0) (41, 40, 34, 1) 
  (42, 41, 70, 0) (43, 42, 33, 0) (44, 43, 15, 0) 
  (45, 44, 41, 0) (46, 45, 33, 0) (47, 46, 10, 0) 
  (48, 47, 85, 0) (49, 48, 96, 0) (50, 49, 91, 0) 
  (51, 50, 42, 0) (52, 51, 13, 0) (53, 52, 77, 0) 
  (54, 53, 15, 0) (55, 54, 73, 0) (56, 55, 64, 0) 
  (57, 56, 10, 0) (58, 57, 69, 0) (59, 58, 71, 1) 
  (60, 59, 91, 0) (61, 60, 77, 0) (62, 61, 83, 0) 
  (63, 61, 42, 1) (64, 62, 64, 0) (65, 63, 40, 0) 
  (66, 64, 96, 1) (67, 65, 34, 0) (68, 66, 75, 0) 
  (69, 14, 9, 1) (70, 67, 33, 0) (71, 68, 92, 1) 
  (72, 69, 59, 0) (73, 70, 96, 0) (74, 71, 92, 1) 
  (75, 72, 86, 1) (76, 73, 65, 0) (77, 74, 27, 0) 
  (78, 75, 3, 0) (79, 76, 68, 0) (80, 77, 86, 0) 
  (81, 78, 89, 0) (82, 79, 8, 0) (83, 80, 23, 0) 
  (84, 81, 62, 0) (85, 82, 64, 0) (86, 83, 21, 1) 
  (87, 84, 80, 0) (88, 85, 20, 0) (89, 86, 94, 0) 
  (90, 87, 83, 0) (91, 88, 41, 0) (92, 89, 53, 0) 
  (93, 90, 19, 0) (94, 91, 40, 0) (95, 92, 65, 0) 
  (96, 93, 32, 0) (97, 94, 69, 0) (98, 95, 60, 0) 
  (99, 96, 0, 0) (100, 97, 32, 0) (101, 98, 0, 1) 
  (102, 99, 25, 0) (103, 100, 79, 0) (104, 1, 28, 0) 
  (105, 34, 55, 1) (106, 40, 9, 0) (107, 15, 51, 1) 
  (108, 64, 0, 0) (109, 45, 81, 1) (110, 68, 0, 0) 
  (111, 54, 32, 1) (112, 48, 44, 1) (113, 42, 7, 1) 
  (114, 36, 40, 1) (115, 79, 52, 1) (116, 9, 19, 1) 
  (117, 29, 9, 1) (118, 85, 95, 1) (119, 101, 38, 0) 
  (120, 56, 79, 1) (121, 67, 97, 1) (122, 73, 0, 1) 
  (123, 59, 0, 1) (124, 11, 62, 1) (125, 38, 21, 1) 
  (126, 88, 0, 1) (127, 22, 92, 1) (128, 35, 28, 0) 
  (129, 58, 30, 0) (130, 30, 40, 1) (131, 57, 89, 1) 
  (132, 12, 14, 1) (133, 50, 73, 1) (134, 21, 96, 1) 
  (135, 72, 24, 0) (136, 95, 71, 1) (137, 98, 87, 0) 
  (138, 74, 71, 1) (139, 41, 65, 1) (140, 35, 33, 1) 
  (141, 70, 0, 1) (142, 43, 10, 1) (143, 46, 29, 1) 
  (144, 87, 0, 1) (145, 53, 24, 1) (146, 25, 16, 1) 
  (147, 97, 51, 1) (148, 32, 75, 1) (149, 94, 39, 1) 
  (150, 99, 7, 1) (151, 6, 57, 1) (152, 62, 35, 1) 
  (153, 86, 65, 1) (154, 89, 88, 1) (155, 71, 3, 0) 
  (156, 75, 0, 1) (157, 7, 8, 1) (158, 13, 0, 1) 
  (159, 8, 12, 1) (160, 2, 0, 1) (161, 52, 12, 1) 
  (162, 82, 78, 1) (163, 92, 83, 1) (164, 60, 22, 1) 
  (165, 47, 67, 1) (166, 84, 95, 1) (167, 93, 98, 1) 
  (168, 80, 43, 1) (169, 16, 0, 1) (170, 27, 24, 1) 
  (171, 66, 55, 1) (172, 81, 12, 1) (173, 83, 55, 0) 
  (174, 78, 0, 1) (175, 44, 0, 1) (176, 100, 0, 1) 
  (177, 10, 0, 1) (178, 63, 0, 1) (179, 51, 0, 1) ]

~
o0: OUT( SUB( MUL( ID( i0), MUL( ADD( DIV( ID( MUL( ID( i0), i0)), ID( i0)), ID( MUL( ID( i0), i0))), MUL( SUB( ID( ADD( DIV( ID( MUL( ID( i0), i0)), ID( i0)), ID( MUL( ID( i0), i0)))), i0), ID( SUB( DIV( ADD( MUL( ID( i0), i0), ID( ADD( DIV( ID( MUL( ID( i0), i0)), ID( i0)), ID( MUL( ID( i0), i0))))), i0), DIV( SUB( ID( ADD( DIV( ID( MUL( ID( i0), i0)), ID( i0)), ID( MUL( ID( i0), i0)))), i0), i0)))))), ID( SUB( MUL( MUL( SUB( DIV( ID( ID( ID( MUL( ID( i0), i0)))), DIV( MUL( DIV( ID( ADD( DIV( ID( MUL( ID( i0), i0)), ID( i0)), ID( MUL( ID( i0), i0)))), ADD( DIV( ID( MUL( ID( i0), i0)), ID( i0)), ID( MUL( ID( i0), i0)))), i0), MUL( SUB( ID( ADD( DIV( ID( MUL( ID( i0), i0)), ID( i0)), ID( MUL( ID( i0), i0)))), i0), ID( SUB( DIV( ADD( MUL( ID( i0), i0), ID( ADD( DIV( ID( MUL( ID( i0), i0)), ID( i0)), ID( MUL( ID( i0), i0))))), i0), DIV( SUB( ID( ADD( DIV( ID( MUL( ID( i0), i0)), ID( i0)), ID( MUL( ID( i0), i0)))), i0), i0)))))), MUL( SUB( ID( ADD( DIV( ID( MUL( ID( i0), i0)), ID( i0)), ID( MUL( ID( i0), i0)))), i0), ID( SUB( DIV( ADD( MUL( ID( i0), i0), ID( ADD( DIV( ID( MUL( ID( i0), i0)), ID( i0)), ID( MUL( ID( i0), i0))))), i0), DIV( SUB( ID( ADD( DIV( ID( MUL( ID( i0), i0)), ID( i0)), ID( MUL( ID( i0), i0)))), i0), i0))))), DIV( ID( ADD( DIV( ID( MUL( ID( i0), i0)), ID( i0)), ID( MUL( ID( i0), i0)))), ADD( DIV( ID( MUL( ID( i0), i0)), ID( i0)), ID( MUL( ID( i0), i0))))), i0), ADD( DIV( ID( MUL( ID( i0), i0)), ID( i0)), ID( MUL( ID( i0), i0)))))))
~
